<?xml version="1.0" encoding="UTF-8"?>
<testng-results ignored="0" total="1" passed="1" failed="0" skipped="0">
  <reporter-output>
  </reporter-output>
  <suite started-at="2024-04-25T23:14:24 IST" name="Default suite" finished-at="2024-04-25T23:14:56 IST" duration-ms="32742">
    <groups>
    </groups>
    <test started-at="2024-04-25T23:14:24 IST" name="Default test" finished-at="2024-04-25T23:14:56 IST" duration-ms="32742">
      <class name="testScripts.GooglrPageTest">
        <test-method signature="javaSaerchTest()[pri:0, instance:testScripts.GooglrPageTest@222545dc]" started-at="2024-04-25T23:14:24 IST" name="javaSaerchTest" finished-at="2024-04-25T23:14:56 IST" duration-ms="32455" status="PASS">
          <reporter-output>
          </reporter-output>
        </test-method> <!-- javaSaerchTest -->
      </class> <!-- testScripts.GooglrPageTest -->
    </test> <!-- Default test -->
  </suite> <!-- Default suite -->
</testng-results>
